2022-04-08 16:43:51,321 - INFO - 
Config:
'add_train': False
'batch_size': 64
'clean_data_path': None
'cur_time': '2022_04_08_16_43_49'
'data_path': './data/'
'do_continue_train': True
'do_figure_save': True
'do_log_print_to_screen': True
'do_log_save_to_file': True
'do_predict': True
'do_train': True
'do_train_visualized': False
'dropout_rate': 0
'epoch': 20
'feature_columns': [1, 3, 6]
'figure_save_path': './figure/'
'frame': 'pytorch'
'hidden_size': 64
'input_size': 3
'label_columns': [1]
'learning_rate': 0.01
'load_logger': <bound method Config.load_logger of <path_config.Config object at 0x0000023D848BBF70>>
'log_save_path': './log/2022_04_08_16_43_49_pytorch/'
'lstm_layers': 1
'mean': None
'model_name': '_20220408.pth'
'model_postfix': {'pytorch': '.pth'}
'model_save_path': './checkpoint/'
'out_size': 1
'patience': 5
'predict_day': 1
'random_seed': 42
'read_data_path': None
'seq': None
'shuffle_train_data': False
'std': None
'stock_date': None
'stock_name': None
'test_data': None
'time_step': 30
'train_data_rate': 0.95
'train_loss_path': './train_loss'
'url_path': './data/url.csv'
'use_cuda': True
'valid_ac_path': './valid_ac'
'valid_data_rate': 0.15
'valid_loss_path': './valid_loss'
2022-04-08 16:44:18,563 - INFO - http://fundf10.eastmoney.com/jjjz_010023.html
2022-04-08 16:44:19,663 - INFO - 正在获取  广发制造业精选混合C  数据，请稍等...
2022-04-08 16:45:10,808 - INFO - 正在获取  广发制造业精选混合C  数据，已完成:~~~~~52.63%
2022-04-08 16:46:04,102 - INFO - 正在获取  广发制造业精选混合C  数据，已完成:~~~~~~~~~~100.0%
2022-04-08 16:46:08,642 - INFO - 正在获取  广发制造业精选混合C  数据，已完成:~~~~~~~~~~105.26%
2022-04-08 16:46:31,495 - INFO - Epoch  1/20
2022-04-08 16:46:32,760 - ERROR - Run Error
Traceback (most recent call last):
  File "e:\StockCalculate\main.py", line 167, in main
    train_loss, valid_loss, valid_ac=train(self.cfig, logger, [train_data, test_data])
  File "e:\StockCalculate\model\m_pytorch.py", line 128, in train
    label = _valid_Y.squeeze()
UnboundLocalError: local variable '_valid_Y' referenced before assignment
