2022-04-08 17:09:21,458 - INFO - 
Config:
'add_train': False
'batch_size': 64
'clean_data_path': None
'cur_time': '2022_04_08_17_09_20'
'data_path': './data/'
'do_continue_train': True
'do_figure_save': True
'do_log_print_to_screen': True
'do_log_save_to_file': True
'do_predict': True
'do_train': True
'do_train_visualized': False
'dropout_rate': 0
'epoch': 20
'feature_columns': [1, 3, 6]
'figure_save_path': './figure/'
'frame': 'pytorch'
'hidden_size': 64
'input_size': 3
'label_columns': [1]
'learning_rate': 0.01
'load_logger': <bound method Config.load_logger of <path_config.Config object at 0x000001F380DEABB0>>
'log_save_path': './log/2022_04_08_17_09_20_pytorch/'
'lstm_layers': 1
'mean': None
'model_name': '_20220408.pth'
'model_postfix': {'pytorch': '.pth'}
'model_save_path': './checkpoint/'
'out_size': 1
'patience': 5
'predict_day': 1
'random_seed': 42
'read_data_path': None
'seq': None
'shuffle_train_data': False
'std': None
'stock_date': None
'stock_name': None
'test_data': None
'time_step': 30
'train_data_rate': 0.95
'train_loss_path': './train_loss'
'url_path': './data/url.csv'
'use_cuda': True
'valid_ac_path': './valid_ac'
'valid_data_rate': 0.15
'valid_loss_path': './valid_loss'
2022-04-08 17:09:31,014 - INFO - Epoch  1/20
2022-04-08 17:09:31,494 - INFO - The train loss is 0.1172824821046864	The valid loss is 2.2209599733352663
2022-04-08 17:09:31,498 - INFO - Epoch  2/20
2022-04-08 17:09:31,664 - INFO - The train loss is 0.15844545587897302	The valid loss is 2.3051091194152833
2022-04-08 17:09:31,665 - INFO - Epoch  3/20
2022-04-08 17:09:31,833 - INFO - The train loss is 0.17369184819981456	The valid loss is 0.7677848368883133
2022-04-08 17:09:31,836 - INFO - Epoch  4/20
2022-04-08 17:09:32,008 - INFO - The train loss is 0.08915653871954418	The valid loss is 0.2762959249317646
2022-04-08 17:09:32,012 - INFO - Epoch  5/20
2022-04-08 17:09:32,178 - INFO - The train loss is 0.03665154942621787	The valid loss is 0.22265179604291915
2022-04-08 17:09:32,182 - INFO - Epoch  6/20
2022-04-08 17:09:32,353 - INFO - The train loss is 0.010267667433557412	The valid loss is 0.5839459091424942
2022-04-08 17:09:32,354 - INFO - Epoch  7/20
2022-04-08 17:09:32,515 - INFO - The train loss is 0.002344182723512252	The valid loss is 0.5397245347499847
2022-04-08 17:09:32,516 - INFO - Epoch  8/20
2022-04-08 17:09:32,679 - INFO - The train loss is 0.0012814638069054733	The valid loss is 0.2996423341333866
2022-04-08 17:09:32,680 - INFO - Epoch  9/20
2022-04-08 17:09:32,846 - INFO - The train loss is 0.0011101087999122682	The valid loss is 0.23616912811994553
2022-04-08 17:09:32,847 - INFO - Epoch  10/20
2022-04-08 17:09:33,014 - INFO - The train loss is 0.0012109188013710082	The valid loss is 0.2300744153559208
2022-04-08 17:09:33,015 - INFO - The training stops early in epoch 9
2022-04-08 17:09:33,180 - INFO - Accuracy: 50.56%
2022-04-08 17:09:33,181 - INFO - The predicted stock trend is: ['down']
