2022-04-08 17:15:02,818 - INFO - 
Config:
'add_train': False
'batch_size': 64
'clean_data_path': None
'cur_time': '2022_04_08_17_15_01'
'data_path': './data/'
'do_continue_train': True
'do_figure_save': True
'do_log_print_to_screen': True
'do_log_save_to_file': True
'do_predict': True
'do_train': True
'do_train_visualized': False
'dropout_rate': 0
'epoch': 20
'feature_columns': [1, 3, 6]
'figure_save_path': './figure/'
'frame': 'pytorch'
'hidden_size': 64
'input_size': 3
'label_columns': [1]
'learning_rate': 0.01
'load_logger': <bound method Config.load_logger of <path_config.Config object at 0x000001771FD3BFD0>>
'log_save_path': './log/2022_04_08_17_15_01_pytorch/'
'lstm_layers': 1
'mean': None
'model_name': '_20220408.pth'
'model_postfix': {'pytorch': '.pth'}
'model_save_path': './checkpoint/'
'out_size': 1
'patience': 5
'predict_day': 1
'random_seed': 42
'read_data_path': None
'seq': None
'shuffle_train_data': False
'std': None
'stock_date': None
'stock_name': None
'test_data': None
'time_step': 30
'train_data_rate': 0.95
'train_loss_path': './train_loss'
'url_path': './data/url.csv'
'use_cuda': True
'valid_ac_path': './valid_ac'
'valid_data_rate': 0.15
'valid_loss_path': './valid_loss'
2022-04-08 17:15:05,943 - INFO - http://fundf10.eastmoney.com/jjjz_004557.html
2022-04-08 17:15:06,991 - INFO - 正在获取  北信瑞丰鼎丰灵活配置混合  数据，请稍等...
2022-04-08 17:15:58,062 - INFO - 正在获取  北信瑞丰鼎丰灵活配置混合  数据，已完成:~~~34.48%
2022-04-08 17:16:56,984 - INFO - 正在获取  北信瑞丰鼎丰灵活配置混合  数据，已完成:~~~~~~68.97%
2022-04-08 17:17:49,821 - INFO - 正在获取  北信瑞丰鼎丰灵活配置混合  数据，已完成:~~~~~~~~~~100.0%
2022-04-08 17:17:53,195 - INFO - 正在获取  北信瑞丰鼎丰灵活配置混合  数据，已完成:~~~~~~~~~~103.45%
2022-04-08 17:18:05,457 - INFO - Epoch  1/20
2022-04-08 17:18:05,791 - INFO - The train loss is 0.8763574759165446	The valid loss is 0.3142653703689575
2022-04-08 17:18:05,795 - INFO - Epoch  2/20
2022-04-08 17:18:05,836 - INFO - The train loss is 0.13259238749742508	The valid loss is 0.6792060136795044
2022-04-08 17:18:05,837 - INFO - Epoch  3/20
2022-04-08 17:18:05,878 - INFO - The train loss is 1.3516205154980223	The valid loss is 0.03171972185373306
2022-04-08 17:18:05,882 - INFO - Epoch  4/20
2022-04-08 17:18:05,923 - INFO - The train loss is 0.3790982284893592	The valid loss is 0.28805580735206604
2022-04-08 17:18:05,923 - INFO - Epoch  5/20
2022-04-08 17:18:05,964 - INFO - The train loss is 0.3912416957318783	The valid loss is 0.3085698187351227
2022-04-08 17:18:05,964 - INFO - Epoch  6/20
2022-04-08 17:18:06,004 - INFO - The train loss is 0.3183234380558133	The valid loss is 0.2241552323102951
2022-04-08 17:18:06,006 - INFO - Epoch  7/20
2022-04-08 17:18:06,044 - INFO - The train loss is 0.2226425688713789	The valid loss is 0.10621935874223709
2022-04-08 17:18:06,045 - INFO - Epoch  8/20
2022-04-08 17:18:06,082 - INFO - The train loss is 0.11221505561843514	The valid loss is 0.05585598573088646
2022-04-08 17:18:06,083 - INFO - The training stops early in epoch 7
2022-04-08 17:18:06,110 - ERROR - Run Error
Traceback (most recent call last):
  File "e:\StockCalculate\main.py", line 170, in main
    pred_result, label_Y = predict(self.cfig, logger, test_X)
  File "e:\StockCalculate\model\m_pytorch.py", line 193, in predict
    pred_X, hidden_predict = model(data_X, hidden_predict)
  File "C:\python3.8\lib\site-packages\torch\nn\modules\module.py", line 1051, in _call_impl
    return forward_call(*input, **kwargs)
  File "e:\StockCalculate\model\m_pytorch.py", line 31, in forward
    x = x.view(self.config.batch_size, self.config.time_step, self.config.input_size)
RuntimeError: shape '[1, 30, 3]' is invalid for input of size 84
