2022-04-08 20:34:15,154 - INFO - 
Config:
'add_train': False
'batch_size': 64
'clean_data_path': None
'cur_time': '2022_04_08_20_34_13'
'data_path': './data/'
'do_continue_train': True
'do_figure_save': True
'do_log_print_to_screen': True
'do_log_save_to_file': True
'do_predict': True
'do_train': True
'do_train_visualized': False
'dropout_rate': 0
'epoch': 20
'feature_columns': [1, 3, 6]
'figure_save_path': './figure/'
'frame': 'pytorch'
'hidden_size': 64
'input_size': 3
'label_columns': [1]
'learning_rate': 0.01
'load_logger': <bound method Config.load_logger of <path_config.Config object at 0x000002A740AC3670>>
'log_save_path': './log/2022_04_08_20_34_13_pytorch/'
'lstm_layers': 1
'mean': None
'model_name': '_20220408.pth'
'model_postfix': {'pytorch': '.pth'}
'model_save_path': './checkpoint/'
'out_size': 1
'patience': 5
'predict_day': 1
'random_seed': 42
'read_data_path': None
'seq': None
'shuffle_train_data': False
'std': None
'stock_date': None
'stock_name': None
'test_data': None
'time_step': 30
'train_data_rate': 0.7
'train_loss_path': './train_loss'
'url_path': './data/url.csv'
'use_cuda': True
'valid_ac_path': './valid_ac'
'valid_data_rate': 0.15
'valid_loss_path': './valid_loss'
2022-04-08 20:34:31,496 - INFO - Epoch  1/20
2022-04-08 20:34:42,172 - INFO - The train loss is 0.741878692060709	The valid loss is 1.81205153465271
2022-04-08 20:34:42,184 - INFO - Epoch  2/20
2022-04-08 20:34:43,198 - INFO - The train loss is 0.2298782547004521	The valid loss is 1.238356590270996
2022-04-08 20:34:43,205 - INFO - Epoch  3/20
2022-04-08 20:34:43,753 - INFO - The train loss is 0.13781260047107935	The valid loss is 0.7300988435745239
2022-04-08 20:34:43,758 - INFO - Epoch  4/20
2022-04-08 20:34:44,202 - INFO - The train loss is 0.03566194628365338	The valid loss is 0.21197515726089478
2022-04-08 20:34:44,207 - INFO - Epoch  5/20
2022-04-08 20:34:44,665 - INFO - The train loss is 0.1698295520618558	The valid loss is 1.3899245262145996
2022-04-08 20:34:44,666 - INFO - Epoch  6/20
2022-04-08 20:34:45,131 - INFO - The train loss is 0.019519320921972394	The valid loss is 0.427490770816803
2022-04-08 20:34:45,132 - INFO - Epoch  7/20
2022-04-08 20:34:45,639 - INFO - The train loss is 0.04324657889083028	The valid loss is 0.49366068840026855
2022-04-08 20:34:45,641 - INFO - Epoch  8/20
2022-04-08 20:34:46,495 - INFO - The train loss is 0.04386423132382333	The valid loss is 0.5088163018226624
2022-04-08 20:34:46,496 - INFO - Epoch  9/20
2022-04-08 20:34:46,969 - INFO - The train loss is 0.032672495930455625	The valid loss is 0.5181100964546204
2022-04-08 20:34:46,972 - INFO - The training stops early in epoch 8
2022-04-08 20:34:48,842 - INFO - Accuracy: 45.38%
2022-04-08 20:34:48,843 - INFO - The predicted stock trend is: ['up']
