2022-04-08 17:27:52,635 - INFO - 
Config:
'add_train': False
'batch_size': 64
'clean_data_path': None
'cur_time': '2022_04_08_17_27_51'
'data_path': './data/'
'do_continue_train': True
'do_figure_save': True
'do_log_print_to_screen': True
'do_log_save_to_file': True
'do_predict': True
'do_train': True
'do_train_visualized': False
'dropout_rate': 0
'epoch': 20
'feature_columns': [1, 3, 6]
'figure_save_path': './figure/'
'frame': 'pytorch'
'hidden_size': 64
'input_size': 3
'label_columns': [1]
'learning_rate': 0.01
'load_logger': <bound method Config.load_logger of <path_config.Config object at 0x0000015050A19FD0>>
'log_save_path': './log/2022_04_08_17_27_51_pytorch/'
'lstm_layers': 1
'mean': None
'model_name': '_20220408.pth'
'model_postfix': {'pytorch': '.pth'}
'model_save_path': './checkpoint/'
'out_size': 1
'patience': 5
'predict_day': 1
'random_seed': 42
'read_data_path': None
'seq': None
'shuffle_train_data': False
'std': None
'stock_date': None
'stock_name': None
'test_data': None
'time_step': 30
'train_data_rate': 0.95
'train_loss_path': './train_loss'
'url_path': './data/url.csv'
'use_cuda': True
'valid_ac_path': './valid_ac'
'valid_data_rate': 0.15
'valid_loss_path': './valid_loss'
2022-04-08 17:28:01,459 - INFO - Epoch  1/20
2022-04-08 17:28:01,811 - INFO - The train loss is 1.2828183552871149	The valid loss is 0.4343908429145813
2022-04-08 17:28:01,814 - INFO - Epoch  2/20
2022-04-08 17:28:01,856 - INFO - The train loss is 0.47939183687170345	The valid loss is 0.261572003364563
2022-04-08 17:28:01,860 - INFO - Epoch  3/20
2022-04-08 17:28:01,903 - INFO - The train loss is 0.3417248139933993	The valid loss is 0.03242278844118118
2022-04-08 17:28:01,906 - INFO - Epoch  4/20
2022-04-08 17:28:01,948 - INFO - The train loss is 0.24465546011924744	The valid loss is 0.07953371852636337
2022-04-08 17:28:01,949 - INFO - Epoch  5/20
2022-04-08 17:28:01,992 - INFO - The train loss is 0.10295857923726241	The valid loss is 0.06300345808267593
2022-04-08 17:28:01,993 - INFO - Epoch  6/20
2022-04-08 17:28:02,035 - INFO - The train loss is 0.08258381610115369	The valid loss is 0.04474319517612457
2022-04-08 17:28:02,036 - INFO - Epoch  7/20
2022-04-08 17:28:02,078 - INFO - The train loss is 0.02724720211699605	The valid loss is 0.04441355913877487
2022-04-08 17:28:02,079 - INFO - Epoch  8/20
2022-04-08 17:28:02,119 - INFO - The train loss is 0.04122004743355016	The valid loss is 0.07005911320447922
2022-04-08 17:28:02,120 - INFO - The training stops early in epoch 7
2022-04-08 17:28:02,133 - ERROR - Run Error
Traceback (most recent call last):
  File "e:\StockCalculate\main.py", line 172, in main
    pred_result, label_Y = predict(self.cfig, logger, test_X)
  File "e:\StockCalculate\model\m_pytorch.py", line 218, in predict
    logger.info(f'Accuracy: {sum(err>0) * 1.0 / len(label_updown) * 100 :.2f}%')
ZeroDivisionError: float division by zero
