2022-04-08 17:29:46,609 - INFO - 
Config:
'add_train': False
'batch_size': 64
'clean_data_path': None
'cur_time': '2022_04_08_17_29_45'
'data_path': './data/'
'do_continue_train': True
'do_figure_save': True
'do_log_print_to_screen': True
'do_log_save_to_file': True
'do_predict': True
'do_train': True
'do_train_visualized': False
'dropout_rate': 0
'epoch': 20
'feature_columns': [1, 3, 6]
'figure_save_path': './figure/'
'frame': 'pytorch'
'hidden_size': 64
'input_size': 3
'label_columns': [1]
'learning_rate': 0.01
'load_logger': <bound method Config.load_logger of <path_config.Config object at 0x00000177369575B0>>
'log_save_path': './log/2022_04_08_17_29_45_pytorch/'
'lstm_layers': 1
'mean': None
'model_name': '_20220408.pth'
'model_postfix': {'pytorch': '.pth'}
'model_save_path': './checkpoint/'
'out_size': 1
'patience': 5
'predict_day': 1
'random_seed': 42
'read_data_path': None
'seq': None
'shuffle_train_data': False
'std': None
'stock_date': None
'stock_name': None
'test_data': None
'time_step': 30
'train_data_rate': 0.95
'train_loss_path': './train_loss'
'url_path': './data/url.csv'
'use_cuda': True
'valid_ac_path': './valid_ac'
'valid_data_rate': 0.15
'valid_loss_path': './valid_loss'
2022-04-08 17:29:55,486 - INFO - Epoch  1/20
2022-04-08 17:29:56,098 - INFO - The train loss is 0.9542936558524767	The valid loss is 0.4386681616306305
2022-04-08 17:29:56,103 - INFO - Epoch  2/20
2022-04-08 17:29:56,151 - INFO - The train loss is 0.4285002077619235	The valid loss is 0.14066632091999054
2022-04-08 17:29:56,154 - INFO - Epoch  3/20
2022-04-08 17:29:56,198 - INFO - The train loss is 0.08386215086405475	The valid loss is 0.14214983582496643
2022-04-08 17:29:56,199 - INFO - Epoch  4/20
2022-04-08 17:29:56,246 - INFO - The train loss is 0.07344208005815744	The valid loss is 0.03536180034279823
2022-04-08 17:29:56,249 - INFO - Epoch  5/20
2022-04-08 17:29:56,290 - INFO - The train loss is 0.0821109094346563	The valid loss is 0.039162714034318924
2022-04-08 17:29:56,291 - INFO - Epoch  6/20
2022-04-08 17:29:56,335 - INFO - The train loss is 0.05084069352596998	The valid loss is 0.041162751615047455
2022-04-08 17:29:56,336 - INFO - Epoch  7/20
2022-04-08 17:29:56,378 - INFO - The train loss is 0.04803301487118006	The valid loss is 0.03328372538089752
2022-04-08 17:29:56,383 - INFO - Epoch  8/20
2022-04-08 17:29:56,421 - INFO - The train loss is 0.023695652994016807	The valid loss is 0.05199877917766571
2022-04-08 17:29:56,422 - INFO - Epoch  9/20
2022-04-08 17:29:56,467 - INFO - The train loss is 0.026270692547162373	The valid loss is 0.04487229883670807
2022-04-08 17:29:56,468 - INFO - Epoch  10/20
2022-04-08 17:29:56,512 - INFO - The train loss is 0.024970807988817494	The valid loss is 0.03901836648583412
2022-04-08 17:29:56,514 - INFO - Epoch  11/20
2022-04-08 17:29:56,558 - INFO - The train loss is 0.021680405441050727	The valid loss is 0.04299100488424301
2022-04-08 17:29:56,559 - INFO - Epoch  12/20
2022-04-08 17:29:56,600 - INFO - The train loss is 0.01962385280057788	The valid loss is 0.03663339465856552
2022-04-08 17:29:56,601 - INFO - The training stops early in epoch 11
