2022-04-08 20:38:35,751 - INFO - 
Config:
'add_train': False
'batch_size': 64
'clean_data_path': None
'cur_time': '2022_04_08_20_38_34'
'data_path': './data/'
'do_continue_train': True
'do_figure_save': True
'do_log_print_to_screen': True
'do_log_save_to_file': True
'do_predict': True
'do_train': True
'do_train_visualized': False
'dropout_rate': 0
'epoch': 20
'feature_columns': [1, 3, 6]
'figure_save_path': './figure/'
'frame': 'pytorch'
'hidden_size': 64
'input_size': 3
'label_columns': [1]
'learning_rate': 0.01
'load_logger': <bound method Config.load_logger of <path_config.Config object at 0x000001FC60B2AFD0>>
'log_save_path': './log/2022_04_08_20_38_34_pytorch/'
'lstm_layers': 1
'mean': None
'model_name': '_20220408.pth'
'model_postfix': {'pytorch': '.pth'}
'model_save_path': './checkpoint/'
'out_size': 1
'patience': 5
'predict_day': 1
'random_seed': 42
'read_data_path': None
'seq': None
'shuffle_train_data': False
'std': None
'stock_date': None
'stock_name': None
'test_data': None
'time_step': 30
'train_data_rate': 0.7
'train_loss_path': './train_loss'
'url_path': './data/url.csv'
'use_cuda': True
'valid_ac_path': './valid_ac'
'valid_data_rate': 0.15
'valid_loss_path': './valid_loss'
2022-04-08 20:38:49,693 - INFO - Epoch  1/20
2022-04-08 20:38:50,120 - INFO - The train loss is 0.18270323279483075	The valid loss is 0.024810223141685128
2022-04-08 20:38:50,123 - INFO - Epoch  2/20
2022-04-08 20:38:50,250 - INFO - The train loss is 0.1886418143879961	The valid loss is 0.024585556238889694
2022-04-08 20:38:50,253 - INFO - Epoch  3/20
2022-04-08 20:38:50,380 - INFO - The train loss is 0.14408632147718559	The valid loss is 0.023614257108420134
2022-04-08 20:38:50,383 - INFO - Epoch  4/20
2022-04-08 20:38:50,505 - INFO - The train loss is 0.05402957162798636	The valid loss is 0.003117928165011108
2022-04-08 20:38:50,508 - INFO - Epoch  5/20
2022-04-08 20:38:50,637 - INFO - The train loss is 0.016284667820648545	The valid loss is 0.005174039746634662
2022-04-08 20:38:50,638 - INFO - Epoch  6/20
2022-04-08 20:38:50,760 - INFO - The train loss is 0.005874095313960093	The valid loss is 0.0009280827071052045
2022-04-08 20:38:50,763 - INFO - Epoch  7/20
2022-04-08 20:38:50,890 - INFO - The train loss is 0.0020698079123659145	The valid loss is 0.0020209801732562482
2022-04-08 20:38:50,891 - INFO - Epoch  8/20
2022-04-08 20:38:51,019 - INFO - The train loss is 0.00312586337597829	The valid loss is 0.004204113618470728
2022-04-08 20:38:51,020 - INFO - Epoch  9/20
2022-04-08 20:38:51,140 - INFO - The train loss is 0.006578352615840479	The valid loss is 0.0035303407930769026
2022-04-08 20:38:51,141 - INFO - Epoch  10/20
2022-04-08 20:38:51,267 - INFO - The train loss is 0.01053687219444493	The valid loss is 0.007811327144736424
2022-04-08 20:38:51,267 - INFO - Epoch  11/20
2022-04-08 20:38:51,391 - INFO - The train loss is 0.01458975692036223	The valid loss is 0.007955845794640481
2022-04-08 20:38:51,392 - INFO - The training stops early in epoch 10
2022-04-08 20:38:52,519 - INFO - Accuracy: 51.09%
2022-04-08 20:38:52,520 - INFO - The predicted stock trend is: ['down']
